TN:
SF:/Users/arming/WebstormProjects/decidr/index.js
FN:74,octetsToInt
FN:76,(anonymous_1)
FN:83,octetsToString
FN:87,stringToOctets
FN:89,(anonymous_4)
FN:95,intToOctets
FN:97,(anonymous_6)
FN:106,padLeft
FN:114,(anonymous_8)
FN:124,(anonymous_9)
FN:128,(anonymous_10)
FN:132,(anonymous_11)
FN:136,(anonymous_12)
FN:142,(anonymous_13)
FN:150,(anonymous_14)
FN:154,(anonymous_15)
FN:160,(anonymous_16)
FN:169,(anonymous_17)
FN:175,(anonymous_18)
FN:179,(anonymous_19)
FN:197,(anonymous_20)
FN:201,(anonymous_21)
FN:204,(anonymous_22)
FN:207,(anonymous_23)
FN:210,(anonymous_24)
FN:225,(anonymous_25)
FN:238,(anonymous_26)
FN:241,(anonymous_27)
FN:244,(anonymous_28)
FN:247,(anonymous_29)
FN:260,(anonymous_30)
FN:264,(anonymous_31)
FN:268,(anonymous_32)
FN:272,(anonymous_33)
FNF:34
FNH:21
FNDA:31,octetsToInt
FNDA:124,(anonymous_1)
FNDA:24975,octetsToString
FNDA:10,stringToOctets
FNDA:40,(anonymous_4)
FNDA:24981,intToOctets
FNDA:99924,(anonymous_6)
FNDA:8,padLeft
FNDA:24991,(anonymous_8)
FNDA:24972,(anonymous_9)
FNDA:31,(anonymous_10)
FNDA:3,(anonymous_11)
FNDA:3,(anonymous_12)
FNDA:2,(anonymous_13)
FNDA:3,(anonymous_14)
FNDA:0,(anonymous_15)
FNDA:2,(anonymous_16)
FNDA:11,(anonymous_17)
FNDA:2,(anonymous_18)
FNDA:2,(anonymous_19)
FNDA:2,(anonymous_20)
FNDA:0,(anonymous_21)
FNDA:0,(anonymous_22)
FNDA:0,(anonymous_23)
FNDA:7,(anonymous_24)
FNDA:0,(anonymous_25)
FNDA:0,(anonymous_26)
FNDA:0,(anonymous_27)
FNDA:0,(anonymous_28)
FNDA:0,(anonymous_29)
FNDA:0,(anonymous_30)
FNDA:0,(anonymous_31)
FNDA:0,(anonymous_32)
FNDA:0,(anonymous_33)
DA:4,1
DA:72,1
DA:75,31
DA:77,124
DA:84,24975
DA:88,10
DA:89,10
DA:90,40
DA:92,10
DA:96,24981
DA:98,99924
DA:99,99924
DA:100,99924
DA:107,8
DA:108,16
DA:110,8
DA:115,24991
DA:116,24991
DA:117,10
DA:118,24981
DA:119,24981
DA:121,24991
DA:125,24972
DA:129,31
DA:133,3
DA:137,3
DA:143,2
DA:144,2
DA:145,8
DA:147,2
DA:151,3
DA:161,2
DA:162,2
DA:163,2
DA:170,11
DA:171,11
DA:172,11
DA:176,2
DA:180,2
DA:181,2
DA:182,2
DA:183,33
DA:184,33
DA:186,2
DA:198,2
DA:211,7
DA:212,7
DA:213,7
DA:214,7
DA:216,7
DA:218,7
DA:219,24967
DA:220,24967
DA:222,7
DA:276,1
LF:55
LH:55
BRDA:116,0,0,10
BRDA:116,0,1,24981
BRDA:118,1,0,24981
BRDA:118,1,1,0
BRDA:121,2,0,0
BRDA:121,2,1,24991
BRF:6
BRH:4
end_of_record
